//--------Initialization--------//
Found 2-dimensional field plot by2dxy
The size of saving matrix is 10000x1 points
x 
0.5 
0.5 
The data is bounded between (-0.003,0.001) and (0,1)
The saving value is 
By 
Found 2-dimensional field plot bz2dxy
The size of saving matrix is 10000x1 points
x 
0.5 
0.5 
The data is bounded between (-0.003,0.001) and (0,1)
The saving value is 
Bz 
Found 2-dimensional field plot ey2dxy
The size of saving matrix is 10000x1 points
x 
0.5 
0.5 
The data is bounded between (-0.003,0.001) and (0,1)
The saving value is 
Ey 
Found 2-dimensional field plot ez2dxy
The size of saving matrix is 10000x1 points
x 
0.5 
0.5 
The data is bounded between (-0.003,0.001) and (0,1)
The saving value is 
Ez 
Found 2-dimensional density plot au2dxy
The size of saving matrix is 10000x1 points
x 
0.5 
The data is bounded between (-0.003,0.001) and (0,1)
The weight function of particle is 
1 
The particles type is 0 (au)
Found 2-dimensional density plot electron2dxy
The size of saving matrix is 10000x1 points
x 
0.5 
The data is bounded between (-0.003,0.001) and (0,1)
The weight function of particle is 
1 
The particles type is 1 (electron)
